<?xml version="1.0" encoding="UTF-8"?>
<!-- Generated by org.testng.reporters.JUnitXMLReporter -->
<testsuite ignored="5" hostname="Nikhils-MacBook-Air.local" failures="0" tests="1" name="Default test" time="2.944" errors="0" timestamp="2026-04-01T16:24:41 IST">
  <testcase classname="sanityPack.SanityBasicFlow" name="enteringInTheSearchField" time="0.174"/>
  <testcase classname="sanityPack.SanityBasicFlow" name="gettingTheElementsPresentInTheSidebar" time="0.0">
    <ignored/>
  </testcase> <!-- gettingTheElementsPresentInTheSidebar -->
  <testcase classname="sanityPack.SanityBasicFlow" name="clickingOnTheSignUp" time="0.0">
    <ignored/>
  </testcase> <!-- clickingOnTheSignUp -->
  <testcase classname="sanityPack.SanityBasicFlow" name="clickingOnTheAboutUs" time="0.0">
    <ignored/>
  </testcase> <!-- clickingOnTheAboutUs -->
  <testcase classname="sanityPack.SanityBasicFlow" name="clickingOnTheSeachBar" time="0.0">
    <ignored/>
  </testcase> <!-- clickingOnTheSeachBar -->
  <testcase classname="sanityPack.SanityBasicFlow" name="redirectingToTheUrl" time="0.0">
    <ignored/>
  </testcase> <!-- redirectingToTheUrl -->
</testsuite> <!-- Default test -->
