<?xml version="1.0" encoding="UTF-8"?>
<testng-results ignored="0" total="1" passed="1" failed="0" skipped="0">
  <reporter-output>
  </reporter-output>
  <suite started-at="2026-04-01T16:24:38 IST" name="Default suite" finished-at="2026-04-01T16:24:41 IST" duration-ms="2944">
    <groups>
    </groups>
    <test started-at="2026-04-01T16:24:38 IST" name="Default test" finished-at="2026-04-01T16:24:41 IST" duration-ms="2944">
      <class name="sanityPack.SanityBasicFlow">
        <test-method is-config="true" signature="setUpTheBrowser()[pri:0, instance:sanityPack.SanityBasicFlow@747ddf94]" started-at="2026-04-01T16:24:38 IST" name="setUpTheBrowser" finished-at="2026-04-01T16:24:41 IST" duration-ms="2753" status="PASS">
          <reporter-output>
          </reporter-output>
        </test-method> <!-- setUpTheBrowser -->
        <test-method signature="enteringInTheSearchField()[pri:0, instance:sanityPack.SanityBasicFlow@747ddf94]" started-at="2026-04-01T16:24:41 IST" name="enteringInTheSearchField" finished-at="2026-04-01T16:24:41 IST" duration-ms="174" status="PASS">
          <reporter-output>
          </reporter-output>
        </test-method> <!-- enteringInTheSearchField -->
      </class> <!-- sanityPack.SanityBasicFlow -->
    </test> <!-- Default test -->
  </suite> <!-- Default suite -->
</testng-results>
