<?xml version="1.0" encoding="UTF-8"?>
<!-- Generated by org.testng.reporters.JUnitReportReporter -->
<testsuite hostname="Nikhils-MacBook-Air.local" failures="0" tests="5" name="sanityPack.SanityBasicFlow" time="2.927" errors="0" timestamp="2026-04-01T16:24:41 IST" skipped="4">
  <testcase classname="sanityPack.SanityBasicFlow" name="enteringInTheSearchField" time="2.927"/>
  <testcase classname="sanityPack.SanityBasicFlow" name="clickingOnTheSignUp">
    <skipped/>
  </testcase> <!-- clickingOnTheSignUp -->
  <testcase classname="sanityPack.SanityBasicFlow" name="clickingOnTheAboutUs">
    <skipped/>
  </testcase> <!-- clickingOnTheAboutUs -->
  <testcase classname="sanityPack.SanityBasicFlow" name="clickingOnTheSeachBar">
    <skipped/>
  </testcase> <!-- clickingOnTheSeachBar -->
  <testcase classname="sanityPack.SanityBasicFlow" name="redirectingToTheUrl">
    <skipped/>
  </testcase> <!-- redirectingToTheUrl -->
</testsuite> <!-- sanityPack.SanityBasicFlow -->
